Route not found
  /users/register
  2023-03-24T19:13:01.525Z
Route not found
  /user
  2023-03-24T19:14:55.116Z
Route not found
  /favicon.ico
  2023-03-25T09:05:45.579Z
Route not found
  /user/register
  2023-03-25T09:39:21.997Z
Route not found
  /users/login
  2023-03-25T09:46:34.167Z
Route not found
  /user/register
  2023-03-25T09:56:35.825Z
Route not found
  /users
  2023-03-25T10:01:22.042Z
Route not found
  /user
  2023-03-25T10:01:26.959Z
Route not found
  /users
  2023-03-25T10:02:05.958Z
Route not found
  /users
  2023-03-25T10:02:44.256Z
Route not found
  /users/login
  2023-03-25T10:06:57.185Z
Route not found
  /users/login
  2023-03-25T10:08:16.985Z
Route not found
  /users/login
  2023-03-25T10:08:29.102Z
Route not found
  /users/logout
  2023-03-25T10:08:33.888Z
Route not found
  /users/login
  2023-03-25T10:08:37.788Z
Route not found
  /users/login
  2023-03-25T10:10:11.226Z
Route not found
  /users/logout
  2023-03-25T10:11:13.279Z
Route not found
  /user/logout
  2023-03-25T10:11:19.836Z
Route not found
  /users/logout
  2023-03-25T10:11:25.451Z
