Route not found /pepito 2023-03-24T13:32:50.418Z
Route not found /pepito 2023-03-24T13:33:22.936Z
Route not found /pepito 2023-03-24T13:42:57.353Z
Route not found /eventos 2023-03-24T14:01:18.026Z
Route not found /eventos 2023-03-24T14:03:40.628Z
Route not found /eventos 2023-03-24T14:03:48.803Z
Route not found /eventos 2023-03-24T14:03:56.145Z
Route not found /events/city/Madrid 2023-03-24T14:03:59.053Z
Route not found /eventos 2023-03-24T14:04:47.525Z
Route not found /evemts/eventos 2023-03-24T14:05:03.830Z
Route not found /events 2023-03-24T16:50:30.998Z
Route not found /events/:id 2023-03-24T16:50:37.065Z
Route not found /favicon.ico 2023-03-25T12:45:50.083Z
Route not found /users 2023-03-26T03:28:11.273Z
Route not found /users 2023-03-26T03:28:28.322Z
Route not found /users 2023-03-26T03:31:06.789Z
Route not found /users 2023-03-26T03:31:08.050Z
Route not found /users 2023-03-26T03:32:02.013Z
Route not found /user 2023-03-26T03:34:31.125Z
Route not found /users 2023-03-26T03:34:34.320Z
Route not found /users 2023-03-26T09:26:25.825Z
Route not found
        /
        2023-03-26T09:34:13.719Z
Route not found
        /
        2023-03-26T09:34:34.395Z
Route not found
        /
        2023-03-26T09:49:11.871Z
Route not found
        /
        2023-03-26T09:49:30.751Z
Route not found
        /
        2023-03-26T09:58:41.164Z
Route not found
        /
        2023-03-26T09:58:56.371Z
Route not found
        /
        2023-03-26T09:59:11.578Z
Route not found
        /
        2023-03-26T09:59:14.223Z
Route not found
        /
        2023-03-26T09:59:44.102Z
Route not found
        /
        2023-03-26T09:59:46.197Z
Route not found
        /
        2023-03-26T10:01:38.427Z
